#
# A fatal error has been detected by the Java Runtime Environment:
#
#  Internal Error (javaClasses.cpp:139), pid=5395, tid=140205557327616
#  fatal error: Invalid layout of preloaded class
#
# JRE version:  (7.0_65-b32) (build )
# Java VM: OpenJDK 64-Bit Server VM (24.65-b04 mixed mode linux-amd64 compressed oops)
# Derivative: IcedTea 2.5.3
# Distribution: Ubuntu 14.04 LTS, package 7u71-2.5.3-0ubuntu0.14.04.1
# Failed to write core dump. Core dumps have been disabled. To enable core dumping, try "ulimit -c unlimited" before starting Java again
#
# If you would like to submit a bug report, please include
# instructions on how to reproduce the bug and visit:
#   http://icedtea.classpath.org/bugzilla
#

---------------  T H R E A D  ---------------

Current thread (0x00007f842000c800):  JavaThread "Unknown thread" [_thread_in_vm, id=5397, stack(0x00007f842660a000,0x00007f842670b000)]

Stack: [0x00007f842660a000,0x00007f842670b000],  sp=0x00007f8426709900,  free space=1022k
Native frames: (J=compiled Java code, j=interpreted, Vv=VM code, C=native code)
V  [libjvm.so+0x948b05]  VMError::report_and_die()+0x175
V  [libjvm.so+0x48bba4]  report_fatal(char const*, int, char const*)+0x54
V  [libjvm.so+0x5e8ce0]  compute_offset(int&, klassOopDesc*, Symbol*, Symbol*, bool) [clone .constprop.120]+0xc0
V  [libjvm.so+0x5e8db6]  java_lang_String::compute_offsets()+0x36
V  [libjvm.so+0x8ce6ec]  SystemDictionary::initialize_preloaded_classes(Thread*)+0xcc
V  [libjvm.so+0x919fd8]  Universe::genesis(Thread*)+0x468
V  [libjvm.so+0x91a5e4]  universe2_init()+0x24
V  [libjvm.so+0x59d29a]  init_globals()+0x9a
V  [libjvm.so+0x8fd3bf]  Threads::create_vm(JavaVMInitArgs*, bool*)+0x35f
V  [libjvm.so+0x6085d4]  JNI_CreateJavaVM+0x54
C  [libjli.so+0x2b48]


---------------  P R O C E S S  ---------------

Java Threads: ( => current thread )

Other Threads:

=>0x00007f842000c800 (exited) JavaThread "Unknown thread" [_thread_in_vm, id=5397, stack(0x00007f842660a000,0x00007f842670b000)]

VM state:not at safepoint (not fully initialized)

VM Mutex/Monitor currently owned by a thread: None

GC Heap History (0 events):
No events

Deoptimization events (0 events):
No events

Internal exceptions (0 events):
No events

Events (10 events):
Event: 0,007 loading class 0x00007f841a9b66f0 done
Event: 0,007 loading class 0x00007f841a9b6110 done
Event: 0,007 loading class 0x00007f841a9b60f0
Event: 0,007 loading class 0x00007f841a9be1c0
Event: 0,007 loading class 0x00007f841a9be1c0 done
Event: 0,007 loading class 0x00007f841a9be1f0
Event: 0,007 loading class 0x00007f841a9be1f0 done
Event: 0,007 loading class 0x00007f841a9be220
Event: 0,007 loading class 0x00007f841a9be220 done
Event: 0,007 loading class 0x00007f841a9b60f0 done


Dynamic libraries:
00400000-00401000 r-xp 00000000 08:15 656280                             /usr/lib/jvm/java-7-openjdk-amd64/jre/bin/java
00600000-00601000 r--p 00000000 08:15 656280                             /usr/lib/jvm/java-7-openjdk-amd64/jre/bin/java
00601000-00602000 rw-p 00001000 08:15 656280                             /usr/lib/jvm/java-7-openjdk-amd64/jre/bin/java
01f45000-01f66000 rw-p 00000000 00:00 0                                  [heap]
77aa00000-77bf00000 rw-p 00000000 00:00 0 
77bf00000-785000000 rw-p 00000000 00:00 0 
785000000-78a200000 rw-p 00000000 00:00 0 
78a200000-7d7000000 rw-p 00000000 00:00 0 
7d7000000-7d9900000 rw-p 00000000 00:00 0 
7d9900000-800000000 rw-p 00000000 00:00 0 
7f83f7d50000-7f83fc000000 rw-p 00000000 00:00 0 
7f83fc000000-7f83fc021000 rw-p 00000000 00:00 0 
7f83fc021000-7f8400000000 ---p 00000000 00:00 0 
7f8404000000-7f8404021000 rw-p 00000000 00:00 0 
7f8404021000-7f8408000000 ---p 00000000 00:00 0 
7f840c000000-7f840c021000 rw-p 00000000 00:00 0 
7f840c021000-7f8410000000 ---p 00000000 00:00 0 
7f8414000000-7f8414021000 rw-p 00000000 00:00 0 
7f8414021000-7f8418000000 ---p 00000000 00:00 0 
7f841a610000-7f841a84a000 rw-p 00000000 00:00 0 
7f841a84a000-7f841a940000 r--s 017b0000 08:15 1848745                    /home/dennis/android-sdks/platforms/android-21/android.jar
7f841a940000-7f841ae3c000 rw-p 00000000 00:00 0 
7f841ae3c000-7f841ae3d000 ---p 00000000 00:00 0 
7f841ae3d000-7f841af3d000 rw-p 00000000 00:00 0                          [stack:5405]
7f841af3d000-7f841af3e000 ---p 00000000 00:00 0 
7f841af3e000-7f841b03e000 rw-p 00000000 00:00 0                          [stack:5404]
7f841b03e000-7f841b03f000 ---p 00000000 00:00 0 
7f841b03f000-7f841b13f000 rw-p 00000000 00:00 0                          [stack:5403]
7f841b13f000-7f841b140000 ---p 00000000 00:00 0 
7f841b140000-7f841b269000 rw-p 00000000 00:00 0                          [stack:5402]
7f841b269000-7f841b4d0000 rw-p 00000000 00:00 0 
7f841b4d0000-7f841b4db000 rw-p 00000000 00:00 0 
7f841b4db000-7f841b523000 rw-p 00000000 00:00 0 
7f841b523000-7f841b54c000 rw-p 00000000 00:00 0 
7f841b54c000-7f841b7b3000 rw-p 00000000 00:00 0 
7f841b7b3000-7f841b7c8000 rw-p 00000000 00:00 0 
7f841b7c8000-7f841b8fb000 rw-p 00000000 00:00 0 
7f841b8fb000-7f841b8fc000 rw-p 00000000 00:00 0 
7f841b8fc000-7f841bb6c000 rwxp 00000000 00:00 0 
7f841bb6c000-7f841e8fc000 rw-p 00000000 00:00 0 
7f841e8fc000-7f841e904000 r-xp 00000000 08:15 655566                     /usr/lib/jvm/java-7-openjdk-amd64/jre/lib/amd64/libzip.so
7f841e904000-7f841eb03000 ---p 00008000 08:15 655566                     /usr/lib/jvm/java-7-openjdk-amd64/jre/lib/amd64/libzip.so
7f841eb03000-7f841eb04000 r--p 00007000 08:15 655566                     /usr/lib/jvm/java-7-openjdk-amd64/jre/lib/amd64/libzip.so
7f841eb04000-7f841eb05000 rw-p 00008000 08:15 655566                     /usr/lib/jvm/java-7-openjdk-amd64/jre/lib/amd64/libzip.so
7f841eb05000-7f841eb10000 r-xp 00000000 08:15 2753732                    /lib/x86_64-linux-gnu/libnss_files-2.19.so
7f841eb10000-7f841ed0f000 ---p 0000b000 08:15 2753732                    /lib/x86_64-linux-gnu/libnss_files-2.19.so
7f841ed0f000-7f841ed10000 r--p 0000a000 08:15 2753732                    /lib/x86_64-linux-gnu/libnss_files-2.19.so
7f841ed10000-7f841ed11000 rw-p 0000b000 08:15 2753732                    /lib/x86_64-linux-gnu/libnss_files-2.19.so
7f841ed11000-7f841ed1c000 r-xp 00000000 08:15 2753729                    /lib/x86_64-linux-gnu/libnss_nis-2.19.so
7f841ed1c000-7f841ef1b000 ---p 0000b000 08:15 2753729                    /lib/x86_64-linux-gnu/libnss_nis-2.19.so
7f841ef1b000-7f841ef1c000 r--p 0000a000 08:15 2753729                    /lib/x86_64-linux-gnu/libnss_nis-2.19.so
7f841ef1c000-7f841ef1d000 rw-p 0000b000 08:15 2753729                    /lib/x86_64-linux-gnu/libnss_nis-2.19.so
7f841ef1d000-7f841ef34000 r-xp 00000000 08:15 2753723                    /lib/x86_64-linux-gnu/libnsl-2.19.so
7f841ef34000-7f841f133000 ---p 00017000 08:15 2753723                    /lib/x86_64-linux-gnu/libnsl-2.19.so
7f841f133000-7f841f134000 r--p 00016000 08:15 2753723                    /lib/x86_64-linux-gnu/libnsl-2.19.so
7f841f134000-7f841f135000 rw-p 00017000 08:15 2753723                    /lib/x86_64-linux-gnu/libnsl-2.19.so
7f841f135000-7f841f137000 rw-p 00000000 00:00 0 
7f841f137000-7f841f140000 r-xp 00000000 08:15 2753717                    /lib/x86_64-linux-gnu/libnss_compat-2.19.so
7f841f140000-7f841f33f000 ---p 00009000 08:15 2753717                    /lib/x86_64-linux-gnu/libnss_compat-2.19.so
7f841f33f000-7f841f340000 r--p 00008000 08:15 2753717                    /lib/x86_64-linux-gnu/libnss_compat-2.19.so
7f841f340000-7f841f341000 rw-p 00009000 08:15 2753717                    /lib/x86_64-linux-gnu/libnss_compat-2.19.so
7f841f341000-7f841f782000 r--p 00000000 08:15 530997                     /usr/lib/locale/locale-archive
7f841f782000-7f841f785000 r-xp 00000000 08:15 656203                     /usr/lib/jvm/java-7-openjdk-amd64/jre/lib/amd64/libnpt.so
7f841f785000-7f841f984000 ---p 00003000 08:15 656203                     /usr/lib/jvm/java-7-openjdk-amd64/jre/lib/amd64/libnpt.so
7f841f984000-7f841f985000 r--p 00002000 08:15 656203                     /usr/lib/jvm/java-7-openjdk-amd64/jre/lib/amd64/libnpt.so
7f841f985000-7f841f986000 rw-p 00003000 08:15 656203                     /usr/lib/jvm/java-7-openjdk-amd64/jre/lib/amd64/libnpt.so
7f841f986000-7f841f9c0000 r-xp 00000000 08:15 656198                     /usr/lib/jvm/java-7-openjdk-amd64/jre/lib/amd64/libjdwp.so
7f841f9c0000-7f841fbbf000 ---p 0003a000 08:15 656198                     /usr/lib/jvm/java-7-openjdk-amd64/jre/lib/amd64/libjdwp.so
7f841fbbf000-7f841fbc0000 r--p 00039000 08:15 656198                     /usr/lib/jvm/java-7-openjdk-amd64/jre/lib/amd64/libjdwp.so
7f841fbc0000-7f841fbc1000 rw-p 0003a000 08:15 656198                     /usr/lib/jvm/java-7-openjdk-amd64/jre/lib/amd64/libjdwp.so
7f841fbc1000-7f841fbec000 r-xp 00000000 08:15 655645                     /usr/lib/jvm/java-7-openjdk-amd64/jre/lib/amd64/libjava.so
7f841fbec000-7f841fdeb000 ---p 0002b000 08:15 655645                     /usr/lib/jvm/java-7-openjdk-amd64/jre/lib/amd64/libjava.so
7f841fdeb000-7f841fdec000 r--p 0002a000 08:15 655645                     /usr/lib/jvm/java-7-openjdk-amd64/jre/lib/amd64/libjava.so
7f841fdec000-7f841fdee000 rw-p 0002b000 08:15 655645                     /usr/lib/jvm/java-7-openjdk-amd64/jre/lib/amd64/libjava.so
7f841fdee000-7f841fdfe000 r-xp 00000000 08:15 656200                     /usr/lib/jvm/java-7-openjdk-amd64/jre/lib/amd64/libverify.so
7f841fdfe000-7f841fffd000 ---p 00010000 08:15 656200                     /usr/lib/jvm/java-7-openjdk-amd64/jre/lib/amd64/libverify.so
7f841fffd000-7f841ffff000 r--p 0000f000 08:15 656200                     /usr/lib/jvm/java-7-openjdk-amd64/jre/lib/amd64/libverify.so
7f841ffff000-7f8420000000 rw-p 00011000 08:15 656200                     /usr/lib/jvm/java-7-openjdk-amd64/jre/lib/amd64/libverify.so
7f8420000000-7f8420059000 rw-p 00000000 00:00 0 
7f8420059000-7f8424000000 ---p 00000000 00:00 0 
7f8424003000-7f842408b000 rw-p 00000000 00:00 0 
7f842408b000-7f84240d3000 rw-p 00000000 00:00 0 
7f84240d3000-7f84240da000 r-xp 00000000 08:15 2753707                    /lib/x86_64-linux-gnu/librt-2.19.so
7f84240da000-7f84242d9000 ---p 00007000 08:15 2753707                    /lib/x86_64-linux-gnu/librt-2.19.so
7f84242d9000-7f84242da000 r--p 00006000 08:15 2753707                    /lib/x86_64-linux-gnu/librt-2.19.so
7f84242da000-7f84242db000 rw-p 00007000 08:15 2753707                    /lib/x86_64-linux-gnu/librt-2.19.so
7f84242db000-7f84242f1000 r-xp 00000000 08:15 2756600                    /lib/x86_64-linux-gnu/libgcc_s.so.1
7f84242f1000-7f84244f0000 ---p 00016000 08:15 2756600                    /lib/x86_64-linux-gnu/libgcc_s.so.1
7f84244f0000-7f84244f1000 rw-p 00015000 08:15 2756600                    /lib/x86_64-linux-gnu/libgcc_s.so.1
7f84244f1000-7f84245f6000 r-xp 00000000 08:15 2753722                    /lib/x86_64-linux-gnu/libm-2.19.so
7f84245f6000-7f84247f5000 ---p 00105000 08:15 2753722                    /lib/x86_64-linux-gnu/libm-2.19.so
7f84247f5000-7f84247f6000 r--p 00104000 08:15 2753722                    /lib/x86_64-linux-gnu/libm-2.19.so
7f84247f6000-7f84247f7000 rw-p 00105000 08:15 2753722                    /lib/x86_64-linux-gnu/libm-2.19.so
7f84247f7000-7f84248dd000 r-xp 00000000 08:15 533572                     /usr/lib/x86_64-linux-gnu/libstdc++.so.6.0.19
7f84248dd000-7f8424adc000 ---p 000e6000 08:15 533572                     /usr/lib/x86_64-linux-gnu/libstdc++.so.6.0.19
7f8424adc000-7f8424ae4000 r--p 000e5000 08:15 533572                     /usr/lib/x86_64-linux-gnu/libstdc++.so.6.0.19
7f8424ae4000-7f8424ae6000 rw-p 000ed000 08:15 533572                     /usr/lib/x86_64-linux-gnu/libstdc++.so.6.0.19
7f8424ae6000-7f8424afb000 rw-p 00000000 00:00 0 
7f8424afb000-7f8425611000 r-xp 00000000 08:15 656207                     /usr/lib/jvm/java-7-openjdk-amd64/jre/lib/amd64/server/libjvm.so
7f8425611000-7f8425810000 ---p 00b16000 08:15 656207                     /usr/lib/jvm/java-7-openjdk-amd64/jre/lib/amd64/server/libjvm.so
7f8425810000-7f84258aa000 r--p 00b15000 08:15 656207                     /usr/lib/jvm/java-7-openjdk-amd64/jre/lib/amd64/server/libjvm.so
7f84258aa000-7f84258cd000 rw-p 00baf000 08:15 656207                     /usr/lib/jvm/java-7-openjdk-amd64/jre/lib/amd64/server/libjvm.so
7f84258cd000-7f84258fb000 rw-p 00000000 00:00 0 
7f84258fb000-7f8425913000 r-xp 00000000 08:15 2756787                    /lib/x86_64-linux-gnu/libz.so.1.2.8
7f8425913000-7f8425b12000 ---p 00018000 08:15 2756787                    /lib/x86_64-linux-gnu/libz.so.1.2.8
7f8425b12000-7f8425b13000 r--p 00017000 08:15 2756787                    /lib/x86_64-linux-gnu/libz.so.1.2.8
7f8425b13000-7f8425b14000 rw-p 00018000 08:15 2756787                    /lib/x86_64-linux-gnu/libz.so.1.2.8
7f8425b14000-7f8425b2d000 r-xp 00000000 08:15 2753731                    /lib/x86_64-linux-gnu/libpthread-2.19.so
7f8425b2d000-7f8425d2c000 ---p 00019000 08:15 2753731                    /lib/x86_64-linux-gnu/libpthread-2.19.so
7f8425d2c000-7f8425d2d000 r--p 00018000 08:15 2753731                    /lib/x86_64-linux-gnu/libpthread-2.19.so
7f8425d2d000-7f8425d2e000 rw-p 00019000 08:15 2753731                    /lib/x86_64-linux-gnu/libpthread-2.19.so
7f8425d2e000-7f8425d32000 rw-p 00000000 00:00 0 
7f8425d32000-7f8425d35000 r-xp 00000000 08:15 2753714                    /lib/x86_64-linux-gnu/libdl-2.19.so
7f8425d35000-7f8425f34000 ---p 00003000 08:15 2753714                    /lib/x86_64-linux-gnu/libdl-2.19.so
7f8425f34000-7f8425f35000 r--p 00002000 08:15 2753714                    /lib/x86_64-linux-gnu/libdl-2.19.so
7f8425f35000-7f8425f36000 rw-p 00003000 08:15 2753714                    /lib/x86_64-linux-gnu/libdl-2.19.so
7f8425f36000-7f84260f1000 r-xp 00000000 08:15 2753704                    /lib/x86_64-linux-gnu/libc-2.19.so
7f84260f1000-7f84262f1000 ---p 001bb000 08:15 2753704                    /lib/x86_64-linux-gnu/libc-2.19.so
7f84262f1000-7f84262f5000 r--p 001bb000 08:15 2753704                    /lib/x86_64-linux-gnu/libc-2.19.so
7f84262f5000-7f84262f7000 rw-p 001bf000 08:15 2753704                    /lib/x86_64-linux-gnu/libc-2.19.so
7f84262f7000-7f84262fc000 rw-p 00000000 00:00 0 
7f84262fc000-7f8426309000 r-xp 00000000 08:15 655619                     /usr/lib/jvm/java-7-openjdk-amd64/jre/lib/amd64/jli/libjli.so
7f8426309000-7f8426508000 ---p 0000d000 08:15 655619                     /usr/lib/jvm/java-7-openjdk-amd64/jre/lib/amd64/jli/libjli.so
7f8426508000-7f8426509000 r--p 0000c000 08:15 655619                     /usr/lib/jvm/java-7-openjdk-amd64/jre/lib/amd64/jli/libjli.so
7f8426509000-7f842650a000 rw-p 0000d000 08:15 655619                     /usr/lib/jvm/java-7-openjdk-amd64/jre/lib/amd64/jli/libjli.so
7f842650a000-7f842652d000 r-xp 00000000 08:15 2753700                    /lib/x86_64-linux-gnu/ld-2.19.so
7f842654a000-7f8426554000 rw-p 00000000 00:00 0 
7f8426554000-7f842660a000 rw-p 00000000 00:00 0 
7f842660a000-7f842660d000 ---p 00000000 00:00 0 
7f842660d000-7f8426710000 rw-p 00000000 00:00 0                          [stack:5397]
7f842671e000-7f8426720000 rw-p 00000000 00:00 0 
7f8426720000-7f8426728000 rw-s 00000000 08:15 401438                     /tmp/hsperfdata_dennis/5395
7f8426728000-7f8426729000 rw-p 00000000 00:00 0 
7f8426729000-7f842672a000 r--p 00000000 00:00 0 
7f842672a000-7f842672c000 rw-p 00000000 00:00 0 
7f842672c000-7f842672d000 r--p 00022000 08:15 2753700                    /lib/x86_64-linux-gnu/ld-2.19.so
7f842672d000-7f842672e000 rw-p 00023000 08:15 2753700                    /lib/x86_64-linux-gnu/ld-2.19.so
7f842672e000-7f842672f000 rw-p 00000000 00:00 0 
7fff09519000-7fff0953a000 rw-p 00000000 00:00 0                          [stack]
7fff095fe000-7fff09600000 r-xp 00000000 00:00 0                          [vdso]
ffffffffff600000-ffffffffff601000 r-xp 00000000 00:00 0                  [vsyscall]

VM Arguments:
jvm_args: -agentlib:jdwp=transport=dt_socket,suspend=y,address=localhost:42742 -Dfile.encoding=UTF-8 -Xbootclasspath:/home/dennis/android-sdks/platforms/android-21/android.jar:/home/dennis/android-sdks/add-ons/addon-google_apis-google-21/libs/effects.jar:/home/dennis/android-sdks/add-ons/addon-google_apis-google-21/libs/usb.jar:/home/dennis/android-sdks/add-ons/addon-google_apis-google-21/libs/maps.jar 
java_command: Zeit
Launcher Type: SUN_STANDARD

Environment Variables:
PATH=/usr/local/sbin:/usr/local/bin:/usr/sbin:/usr/bin:/sbin:/bin:/usr/games:/usr/local/games
USERNAME=dennis
SHELL=/bin/bash
DISPLAY=:0.0

Signal Handlers:
SIGSEGV: [libjvm.so+0x9495e0], sa_mask[0]=0x7ffbfeff, sa_flags=0x10000004
SIGBUS: [libjvm.so+0x9495e0], sa_mask[0]=0x7ffbfeff, sa_flags=0x10000004
SIGFPE: [libjvm.so+0x7c3410], sa_mask[0]=0x7ffbfeff, sa_flags=0x10000004
SIGPIPE: [libjvm.so+0x7c3410], sa_mask[0]=0x7ffbfeff, sa_flags=0x10000004
SIGXFSZ: [libjvm.so+0x7c3410], sa_mask[0]=0x7ffbfeff, sa_flags=0x10000004
SIGILL: [libjvm.so+0x7c3410], sa_mask[0]=0x7ffbfeff, sa_flags=0x10000004
SIGUSR1: SIG_DFL, sa_mask[0]=0x00000000, sa_flags=0x00000000
SIGUSR2: [libjvm.so+0x7c32b0], sa_mask[0]=0x00000004, sa_flags=0x10000004
SIGHUP: SIG_DFL, sa_mask[0]=0x00000000, sa_flags=0x00000000
SIGINT: SIG_DFL, sa_mask[0]=0x00000000, sa_flags=0x00000000
SIGTERM: SIG_DFL, sa_mask[0]=0x00000000, sa_flags=0x00000000
SIGQUIT: SIG_DFL, sa_mask[0]=0x00000000, sa_flags=0x00000000
SIGTRAP: SIG_DFL, sa_mask[0]=0x00000000, sa_flags=0x00000000


---------------  S Y S T E M  ---------------

OS:LinuxMint 17 (qiana)
uname:Linux 3.13.0-24-generic #47-Ubuntu SMP Fri May 2 23:30:00 UTC 2014 x86_64
libc:glibc 2.19 NPTL 2.19 
rlimit: STACK 8192k, CORE 0k, NPROC 62711, NOFILE 4096, AS infinity
load average:0,26 0,50 0,57

/proc/meminfo:
MemTotal:        8058176 kB
MemFree:         1862304 kB
Buffers:           89632 kB
Cached:          3421064 kB
SwapCached:            0 kB
Active:          4312212 kB
Inactive:        1587492 kB
Active(anon):    2391196 kB
Inactive(anon):   365016 kB
Active(file):    1921016 kB
Inactive(file):  1222476 kB
Unevictable:          92 kB
Mlocked:              92 kB
SwapTotal:             0 kB
SwapFree:              0 kB
Dirty:               124 kB
Writeback:             0 kB
AnonPages:       2389124 kB
Mapped:           348780 kB
Shmem:            366988 kB
Slab:             178548 kB
SReclaimable:     147208 kB
SUnreclaim:        31340 kB
KernelStack:        4304 kB
PageTables:        35976 kB
NFS_Unstable:          0 kB
Bounce:                0 kB
WritebackTmp:          0 kB
CommitLimit:     4029088 kB
Committed_AS:    6298332 kB
VmallocTotal:   34359738367 kB
VmallocUsed:      358312 kB
VmallocChunk:   34359374328 kB
HardwareCorrupted:     0 kB
AnonHugePages:    702464 kB
HugePages_Total:       0
HugePages_Free:        0
HugePages_Rsvd:        0
HugePages_Surp:        0
Hugepagesize:       2048 kB
DirectMap4k:       77892 kB
DirectMap2M:     3997696 kB
DirectMap1G:     4194304 kB


CPU:total 4 (4 cores per cpu, 1 threads per core) family 6 model 60 stepping 3, cmov, cx8, fxsr, mmx, sse, sse2, sse3, ssse3, sse4.1, sse4.2, popcnt, avx, avx2, aes, erms, tsc, tscinvbit

/proc/cpuinfo:
processor	: 0
vendor_id	: GenuineIntel
cpu family	: 6
model		: 60
model name	: Intel(R) Core(TM) i5-4670K CPU @ 3.40GHz
stepping	: 3
microcode	: 0x9
cpu MHz		: 800.000
cache size	: 6144 KB
physical id	: 0
siblings	: 4
core id		: 0
cpu cores	: 4
apicid		: 0
initial apicid	: 0
fpu		: yes
fpu_exception	: yes
cpuid level	: 13
wp		: yes
flags		: fpu vme de pse tsc msr pae mce cx8 apic sep mtrr pge mca cmov pat pse36 clflush dts acpi mmx fxsr sse sse2 ss ht tm pbe syscall nx pdpe1gb rdtscp lm constant_tsc arch_perfmon pebs bts rep_good nopl xtopology nonstop_tsc aperfmperf eagerfpu pni pclmulqdq dtes64 monitor ds_cpl vmx est tm2 ssse3 fma cx16 xtpr pdcm pcid sse4_1 sse4_2 movbe popcnt tsc_deadline_timer aes xsave avx f16c rdrand lahf_lm abm ida arat xsaveopt pln pts dtherm tpr_shadow vnmi flexpriority ept vpid fsgsbase tsc_adjust bmi1 avx2 smep bmi2 erms invpcid
bogomips	: 6784.35
clflush size	: 64
cache_alignment	: 64
address sizes	: 39 bits physical, 48 bits virtual
power management:

processor	: 1
vendor_id	: GenuineIntel
cpu family	: 6
model		: 60
model name	: Intel(R) Core(TM) i5-4670K CPU @ 3.40GHz
stepping	: 3
microcode	: 0x9
cpu MHz		: 1000.000
cache size	: 6144 KB
physical id	: 0
siblings	: 4
core id		: 1
cpu cores	: 4
apicid		: 2
initial apicid	: 2
fpu		: yes
fpu_exception	: yes
cpuid level	: 13
wp		: yes
flags		: fpu vme de pse tsc msr pae mce cx8 apic sep mtrr pge mca cmov pat pse36 clflush dts acpi mmx fxsr sse sse2 ss ht tm pbe syscall nx pdpe1gb rdtscp lm constant_tsc arch_perfmon pebs bts rep_good nopl xtopology nonstop_tsc aperfmperf eagerfpu pni pclmulqdq dtes64 monitor ds_cpl vmx est tm2 ssse3 fma cx16 xtpr pdcm pcid sse4_1 sse4_2 movbe popcnt tsc_deadline_timer aes xsave avx f16c rdrand lahf_lm abm ida arat xsaveopt pln pts dtherm tpr_shadow vnmi flexpriority ept vpid fsgsbase tsc_adjust bmi1 avx2 smep bmi2 erms invpcid
bogomips	: 6784.35
clflush size	: 64
cache_alignment	: 64
address sizes	: 39 bits physical, 48 bits virtual
power management:

processor	: 2
vendor_id	: GenuineIntel
cpu family	: 6
model		: 60
model name	: Intel(R) Core(TM) i5-4670K CPU @ 3.40GHz
stepping	: 3
microcode	: 0x9
cpu MHz		: 3401.000
cache size	: 6144 KB
physical id	: 0
siblings	: 4
core id		: 2
cpu cores	: 4
apicid		: 4
initial apicid	: 4
fpu		: yes
fpu_exception	: yes
cpuid level	: 13
wp		: yes
flags		: fpu vme de pse tsc msr pae mce cx8 apic sep mtrr pge mca cmov pat pse36 clflush dts acpi mmx fxsr sse sse2 ss ht tm pbe syscall nx pdpe1gb rdtscp lm constant_tsc arch_perfmon pebs bts rep_good nopl xtopology nonstop_tsc aperfmperf eagerfpu pni pclmulqdq dtes64 monitor ds_cpl vmx est tm2 ssse3 fma cx16 xtpr pdcm pcid sse4_1 sse4_2 movbe popcnt tsc_deadline_timer aes xsave avx f16c rdrand lahf_lm abm ida arat xsaveopt pln pts dtherm tpr_shadow vnmi flexpriority ept vpid fsgsbase tsc_adjust bmi1 avx2 smep bmi2 erms invpcid
bogomips	: 6784.35
clflush size	: 64
cache_alignment	: 64
address sizes	: 39 bits physical, 48 bits virtual
power management:

processor	: 3
vendor_id	: GenuineIntel
cpu family	: 6
model		: 60
model name	: Intel(R) Core(TM) i5-4670K CPU @ 3.40GHz
stepping	: 3
microcode	: 0x9
cpu MHz		: 800.000
cache size	: 6144 KB
physical id	: 0
siblings	: 4
core id		: 3
cpu cores	: 4
apicid		: 6
initial apicid	: 6
fpu		: yes
fpu_exception	: yes
cpuid level	: 13
wp		: yes
flags		: fpu vme de pse tsc msr pae mce cx8 apic sep mtrr pge mca cmov pat pse36 clflush dts acpi mmx fxsr sse sse2 ss ht tm pbe syscall nx pdpe1gb rdtscp lm constant_tsc arch_perfmon pebs bts rep_good nopl xtopology nonstop_tsc aperfmperf eagerfpu pni pclmulqdq dtes64 monitor ds_cpl vmx est tm2 ssse3 fma cx16 xtpr pdcm pcid sse4_1 sse4_2 movbe popcnt tsc_deadline_timer aes xsave avx f16c rdrand lahf_lm abm ida arat xsaveopt pln pts dtherm tpr_shadow vnmi flexpriority ept vpid fsgsbase tsc_adjust bmi1 avx2 smep bmi2 erms invpcid
bogomips	: 6784.35
clflush size	: 64
cache_alignment	: 64
address sizes	: 39 bits physical, 48 bits virtual
power management:



Memory: 4k page, physical 8058176k(1862304k free), swap 0k(0k free)

vm_info: OpenJDK 64-Bit Server VM (24.65-b04) for linux-amd64 JRE (1.7.0_65-b32), built on Oct 22 2014 04:37:44 by "buildd" with gcc 4.8.2

time: Mon Jan 19 21:55:15 2015
elapsed time: 0 seconds

